<?xml version="1.0" encoding="UTF-8"?>
<!-- Generated by org.testng.reporters.JUnitReportReporter -->
<testsuite skipped="0" hostname="nadsoft-H81M-Gaming-3" name="gridTest.ChromeGridTest" tests="1" failures="0" timestamp="17 Apr 2018 07:57:49 GMT" time="5.370" errors="0">
  <testcase name="secripts" time="5.370" classname="gridTest.ChromeGridTest"/>
</testsuite> <!-- gridTest.ChromeGridTest -->
